<?xml version="1.0" encoding="UTF-8"?>
<testsuite xmlns:xsi="http://www.w3.org/2001/XMLSchema-instance" xsi:noNamespaceSchemaLocation="https://maven.apache.org/surefire/maven-surefire-plugin/xsd/surefire-test-report.xsd" name="com.szachyonline.szachyonlinedemo.SzachyOnlineDemoApplicationTests" time="5.425" tests="1" errors="1" skipped="0" failures="0">
  <properties>
[...]
</properties>
  <testcase name="contextLoads" classname="com.szachyonline.szachyonlinedemo.SzachyOnlineDemoApplicationTests" time="0.004">
    <error message="Failed to load ApplicationContext" type="java.lang.IllegalStateException"><![CDATA[java.lang.IllegalStateException: Failed to load ApplicationContext
Caused by: org.springframework.beans.factory.BeanCreationException: Error creating bean with name 'reactiveStreamsMongoClient' defined in class path resource [org/springframework/boot/autoconfigure/mongo/MongoReactiveAutoConfiguration.class]: Bean instantiation via factory method failed; nested exception is org.springframework.beans.BeanInstantiationException: Failed to instantiate [com.mongodb.reactivestreams.client.MongoClient]: Factory method 'reactiveStreamsMongoClient' threw exception; nested exception is java.lang.NoSuchMethodError: 'void com.mongodb.internal.connection.DefaultClusterableServerFactory.<init>(com.mongodb.connection.ClusterId, com.mongodb.connection.ClusterSettings, com.mongodb.connection.ServerSettings, com.mongodb.connection.ConnectionPoolSettings, com.mongodb.connection.StreamFactory, com.mongodb.connection.StreamFactory, com.mongodb.MongoCredential, com.mongodb.event.CommandListener, java.lang.String, com.mongodb.MongoDriverInformation, java.util.List)'
Caused by: org.springframework.beans.BeanInstantiationException: Failed to instantiate [com.mongodb.reactivestreams.client.MongoClient]: Factory method 'reactiveStreamsMongoClient' threw exception; nested exception is java.lang.NoSuchMethodError: 'void com.mongodb.internal.connection.DefaultClusterableServerFactory.<init>(com.mongodb.connection.ClusterId, com.mongodb.connection.ClusterSettings, com.mongodb.connection.ServerSettings, com.mongodb.connection.ConnectionPoolSettings, com.mongodb.connection.StreamFactory, com.mongodb.connection.StreamFactory, com.mongodb.MongoCredential, com.mongodb.event.CommandListener, java.lang.String, com.mongodb.MongoDriverInformation, java.util.List)'
Caused by: java.lang.NoSuchMethodError: 'void com.mongodb.internal.connection.DefaultClusterableServerFactory.<init>(com.mongodb.connection.ClusterId, com.mongodb.connection.ClusterSettings, com.mongodb.connection.ServerSettings, com.mongodb.connection.ConnectionPoolSettings, com.mongodb.connection.StreamFactory, com.mongodb.connection.StreamFactory, com.mongodb.MongoCredential, com.mongodb.event.CommandListener, java.lang.String, com.mongodb.MongoDriverInformation, java.util.List)'
]]></error>
    <system-out><![CDATA[00:05:43.963 [main] DEBUG org.springframework.test.context.BootstrapUtils - Instantiating CacheAwareContextLoaderDelegate from class [org.springframework.test.context.cache.DefaultCacheAwareContextLoaderDelegate]
00:05:43.988 [main] DEBUG org.springframework.test.context.BootstrapUtils - Instantiating BootstrapContext using constructor [public org.springframework.test.context.support.DefaultBootstrapContext(java.lang.Class,org.springframework.test.context.CacheAwareContextLoaderDelegate)]
00:05:44.056 [main] DEBUG org.springframework.test.context.BootstrapUtils - Instantiating TestContextBootstrapper for test class [com.szachyonline.szachyonlinedemo.SzachyOnlineDemoApplicationTests] from class [org.springframework.boot.test.context.SpringBootTestContextBootstrapper]
00:05:44.076 [main] INFO org.springframework.boot.test.context.SpringBootTestContextBootstrapper - Neither @ContextConfiguration nor @ContextHierarchy found for test class [com.szachyonline.szachyonlinedemo.SzachyOnlineDemoApplicationTests], using SpringBootContextLoader
00:05:44.082 [main] DEBUG org.springframework.test.context.support.AbstractContextLoader - Did not detect default resource location for test class [com.szachyonline.szachyonlinedemo.SzachyOnlineDemoApplicationTests]: class path resource [com/szachyonline/szachyonlinedemo/SzachyOnlineDemoApplicationTests-context.xml] does not exist
00:05:44.083 [main] DEBUG org.springframework.test.context.support.AbstractContextLoader - Did not detect default resource location for test class [com.szachyonline.szachyonlinedemo.SzachyOnlineDemoApplicationTests]: class path resource [com/szachyonline/szachyonlinedemo/SzachyOnlineDemoApplicationTestsContext.groovy] does not exist
00:05:44.084 [main] INFO org.springframework.test.context.support.AbstractContextLoader - Could not detect default resource locations for test class [com.szachyonline.szachyonlinedemo.SzachyOnlineDemoApplicationTests]: no resource found for suffixes {-context.xml, Context.groovy}.
00:05:44.085 [main] INFO org.springframework.test.context.support.AnnotationConfigContextLoaderUtils - Could not detect default configuration classes for test class [com.szachyonline.szachyonlinedemo.SzachyOnlineDemoApplicationTests]: SzachyOnlineDemoApplicationTests does not declare any static, non-private, non-final, nested classes annotated with @Configuration.
00:05:44.176 [main] DEBUG org.springframework.test.context.support.ActiveProfilesUtils - Could not find an 'annotation declaring class' for annotation type [org.springframework.test.context.ActiveProfiles] and class [com.szachyonline.szachyonlinedemo.SzachyOnlineDemoApplicationTests]
00:05:44.287 [main] DEBUG org.springframework.context.annotation.ClassPathScanningCandidateComponentProvider - Identified candidate component class: file [C:\Users\Czaro\Downloads\szachy-online-demo\target\classes\com\szachyonline\szachyonlinedemo\SzachyOnlineDemoApplication.class]
00:05:44.309 [main] INFO org.springframework.boot.test.context.SpringBootTestContextBootstrapper - Found @SpringBootConfiguration com.szachyonline.szachyonlinedemo.SzachyOnlineDemoApplication for test class com.szachyonline.szachyonlinedemo.SzachyOnlineDemoApplicationTests
00:05:44.464 [main] DEBUG org.springframework.boot.test.context.SpringBootTestContextBootstrapper - @TestExecutionListeners is not present for class [com.szachyonline.szachyonlinedemo.SzachyOnlineDemoApplicationTests]: using defaults.
00:05:44.465 [main] INFO org.springframework.boot.test.context.SpringBootTestContextBootstrapper - Loaded default TestExecutionListener class names from location [META-INF/spring.factories]: [org.springframework.boot.test.mock.mockito.MockitoTestExecutionListener, org.springframework.boot.test.mock.mockito.ResetMocksTestExecutionListener, org.springframework.boot.test.autoconfigure.restdocs.RestDocsTestExecutionListener, org.springframework.boot.test.autoconfigure.web.client.MockRestServiceServerResetTestExecutionListener, org.springframework.boot.test.autoconfigure.web.servlet.MockMvcPrintOnlyOnFailureTestExecutionListener, org.springframework.boot.test.autoconfigure.web.servlet.WebDriverTestExecutionListener, org.springframework.boot.test.autoconfigure.webservices.client.MockWebServiceServerTestExecutionListener, org.springframework.test.context.web.ServletTestExecutionListener, org.springframework.test.context.support.DirtiesContextBeforeModesTestExecutionListener, org.springframework.test.context.event.ApplicationEventsTestExecutionListener, org.springframework.test.context.support.DependencyInjectionTestExecutionListener, org.springframework.test.context.support.DirtiesContextTestExecutionListener, org.springframework.test.context.transaction.TransactionalTestExecutionListener, org.springframework.test.context.jdbc.SqlScriptsTestExecutionListener, org.springframework.test.context.event.EventPublishingTestExecutionListener]
00:05:44.493 [main] INFO org.springframework.boot.test.context.SpringBootTestContextBootstrapper - Using TestExecutionListeners: [org.springframework.test.context.web.ServletTestExecutionListener@3f57bcad, org.springframework.test.context.support.DirtiesContextBeforeModesTestExecutionListener@1e8b7643, org.springframework.test.context.event.ApplicationEventsTestExecutionListener@51549490, org.springframework.boot.test.mock.mockito.MockitoTestExecutionListener@71e9ebae, org.springframework.boot.test.autoconfigure.SpringBootDependencyInjectionTestExecutionListener@73d983ea, org.springframework.test.context.support.DirtiesContextTestExecutionListener@36a5cabc, org.springframework.test.context.transaction.TransactionalTestExecutionListener@432038ec, org.springframework.test.context.jdbc.SqlScriptsTestExecutionListener@7daa0fbd, org.springframework.test.context.event.EventPublishingTestExecutionListener@42530531, org.springframework.boot.test.mock.mockito.ResetMocksTestExecutionListener@5a3bc7ed, org.springframework.boot.test.autoconfigure.restdocs.RestDocsTestExecutionListener@181e731e, org.springframework.boot.test.autoconfigure.web.client.MockRestServiceServerResetTestExecutionListener@35645047, org.springframework.boot.test.autoconfigure.web.servlet.MockMvcPrintOnlyOnFailureTestExecutionListener@6f44a157, org.springframework.boot.test.autoconfigure.web.servlet.WebDriverTestExecutionListener@6bc407fd, org.springframework.boot.test.autoconfigure.webservices.client.MockWebServiceServerTestExecutionListener@291f18]
00:05:44.498 [main] DEBUG org.springframework.test.context.support.AbstractDirtiesContextTestExecutionListener - Before test class: context [DefaultTestContext@39ac0c0a testClass = SzachyOnlineDemoApplicationTests, testInstance = [null], testMethod = [null], testException = [null], mergedContextConfiguration = [WebMergedContextConfiguration@c7ba306 testClass = SzachyOnlineDemoApplicationTests, locations = '{}', classes = '{class com.szachyonline.szachyonlinedemo.SzachyOnlineDemoApplication}', contextInitializerClasses = '[]', activeProfiles = '{}', propertySourceLocations = '{}', propertySourceProperties = '{org.springframework.boot.test.context.SpringBootTestContextBootstrapper=true}', contextCustomizers = set[org.springframework.boot.test.context.filter.ExcludeFilterContextCustomizer@11bd0f3b, org.springframework.boot.test.json.DuplicateJsonObjectContextCustomizerFactory$DuplicateJsonObjectContextCustomizer@1eb5174b, org.springframework.boot.test.mock.mockito.MockitoContextCustomizer@0, org.springframework.boot.test.web.client.TestRestTemplateContextCustomizer@1613674b, org.springframework.boot.test.autoconfigure.actuate.metrics.MetricsExportContextCustomizerFactory$DisableMetricExportContextCustomizer@306f16f3, org.springframework.boot.test.autoconfigure.properties.PropertyMappingContextCustomizer@0, org.springframework.boot.test.autoconfigure.web.servlet.WebDriverContextCustomizerFactory$Customizer@3059cbc, org.springframework.boot.test.context.SpringBootTestArgs@1, org.springframework.boot.test.context.SpringBootTestWebEnvironment@2bbf4b8b], resourceBasePath = 'src/main/webapp', contextLoader = 'org.springframework.boot.test.context.SpringBootContextLoader', parent = [null]], attributes = map['org.springframework.test.context.web.ServletTestExecutionListener.activateListener' -> true]], class annotated with @DirtiesContext [false] with mode [null].
00:05:44.557 [main] DEBUG org.springframework.test.context.support.TestPropertySourceUtils - Adding inlined properties to environment: {spring.jmx.enabled=false, org.springframework.boot.test.context.SpringBootTestContextBootstrapper=true}

  .   ____          _            __ _ _
 /\\ / ___'_ __ _ _(_)_ __  __ _ \ \ \ \
( ( )\___ | '_ | '_| | '_ \/ _` | \ \ \ \
 \\/  ___)| |_)| | | | | || (_| |  ) ) ) )
  '  |____| .__|_| |_|_| |_\__, | / / / /
 =========|_|==============|___/=/_/_/_/
 :: Spring Boot ::                (v2.5.0)

2021-06-12 00:05:45.015  INFO 5284 --- [           main] c.s.s.SzachyOnlineDemoApplicationTests   : Starting SzachyOnlineDemoApplicationTests using Java 13.0.1 on DESKTOP-7TO198E with PID 5284 (started by Czaro in C:\Users\Czaro\Downloads\szachy-online-demo)
2021-06-12 00:05:45.020  INFO 5284 --- [           main] c.s.s.SzachyOnlineDemoApplicationTests   : No active profile set, falling back to default profiles: default
2021-06-12 00:05:46.072  INFO 5284 --- [           main] .s.d.r.c.RepositoryConfigurationDelegate : Bootstrapping Spring Data Reactive MongoDB repositories in DEFAULT mode.
2021-06-12 00:05:46.271  INFO 5284 --- [           main] .s.d.r.c.RepositoryConfigurationDelegate : Finished Spring Data repository scanning in 194 ms. Found 0 Reactive MongoDB repository interfaces.
2021-06-12 00:05:46.279  INFO 5284 --- [           main] .s.d.r.c.RepositoryConfigurationDelegate : Bootstrapping Spring Data MongoDB repositories in DEFAULT mode.
2021-06-12 00:05:46.304  INFO 5284 --- [           main] .s.d.r.c.RepositoryConfigurationDelegate : Finished Spring Data repository scanning in 25 ms. Found 1 MongoDB repository interfaces.
2021-06-12 00:05:48.644  INFO 5284 --- [           main] org.mongodb.driver.cluster               : Cluster created with settings {hosts=[localhost:27017], mode=SINGLE, requiredClusterType=UNKNOWN, serverSelectionTimeout='30000 ms', maxWaitQueueSize=500}
2021-06-12 00:05:49.074  WARN 5284 --- [           main] o.s.w.c.s.GenericWebApplicationContext   : Exception encountered during context initialization - cancelling refresh attempt: org.springframework.beans.factory.BeanCreationException: Error creating bean with name 'reactiveStreamsMongoClient' defined in class path resource [org/springframework/boot/autoconfigure/mongo/MongoReactiveAutoConfiguration.class]: Bean instantiation via factory method failed; nested exception is org.springframework.beans.BeanInstantiationException: Failed to instantiate [com.mongodb.reactivestreams.client.MongoClient]: Factory method 'reactiveStreamsMongoClient' threw exception; nested exception is java.lang.NoSuchMethodError: 'void com.mongodb.internal.connection.DefaultClusterableServerFactory.<init>(com.mongodb.connection.ClusterId, com.mongodb.connection.ClusterSettings, com.mongodb.connection.ServerSettings, com.mongodb.connection.ConnectionPoolSettings, com.mongodb.connection.StreamFactory, com.mongodb.connection.StreamFactory, com.mongodb.MongoCredential, com.mongodb.event.CommandListener, java.lang.String, com.mongodb.MongoDriverInformation, java.util.List)'
2021-06-12 00:05:49.103  INFO 5284 --- [           main] ConditionEvaluationReportLoggingListener : 

Error starting ApplicationContext. To display the conditions report re-run your application with 'debug' enabled.
2021-06-12 00:05:49.149 ERROR 5284 --- [           main] o.s.b.d.LoggingFailureAnalysisReporter   : 

***************************
APPLICATION FAILED TO START
***************************

Description:

An attempt was made to call a method that does not exist. The attempt was made from the following location:

    com.mongodb.internal.connection.DefaultClusterFactory.createCluster(DefaultClusterFactory.java:85)

The following method did not exist:

    'void com.mongodb.internal.connection.DefaultClusterableServerFactory.<init>(com.mongodb.connection.ClusterId, com.mongodb.connection.ClusterSettings, com.mongodb.connection.ServerSettings, com.mongodb.connection.ConnectionPoolSettings, com.mongodb.connection.StreamFactory, com.mongodb.connection.StreamFactory, com.mongodb.MongoCredential, com.mongodb.event.CommandListener, java.lang.String, com.mongodb.MongoDriverInformation, java.util.List)'

The method's class, com.mongodb.internal.connection.DefaultClusterableServerFactory, is available from the following locations:

    jar:file:/C:/Users/Czaro/.m2/repository/org/mongodb/mongo-java-driver/3.12.8/mongo-java-driver-3.12.8.jar!/com/mongodb/internal/connection/DefaultClusterableServerFactory.class
    jar:file:/C:/Users/Czaro/.m2/repository/org/mongodb/mongodb-driver-core/4.2.3/mongodb-driver-core-4.2.3.jar!/com/mongodb/internal/connection/DefaultClusterableServerFactory.class

The class hierarchy was loaded from the following locations:

    com.mongodb.internal.connection.DefaultClusterableServerFactory: file:/C:/Users/Czaro/.m2/repository/org/mongodb/mongo-java-driver/3.12.8/mongo-java-driver-3.12.8.jar


Action:

Correct the classpath of your application so that it contains a single, compatible version of com.mongodb.internal.connection.DefaultClusterableServerFactory

2021-06-12 00:05:49.165 ERROR 5284 --- [           main] o.s.test.context.TestContextManager      : Caught exception while allowing TestExecutionListener [org.springframework.test.context.web.ServletTestExecutionListener@3f57bcad] to prepare test instance [com.szachyonline.szachyonlinedemo.SzachyOnlineDemoApplicationTests@52f8a6f4]

java.lang.IllegalStateException: Failed to load ApplicationContext
	at org.springframework.test.context.cache.DefaultCacheAwareContextLoaderDelegate.loadContext(DefaultCacheAwareContextLoaderDelegate.java:132) ~[spring-test-5.3.7.jar:5.3.7]
	at org.springframework.test.context.support.DefaultTestContext.getApplicationContext(DefaultTestContext.java:124) ~[spring-test-5.3.7.jar:5.3.7]
	at org.springframework.test.context.web.ServletTestExecutionListener.setUpRequestContextIfNecessary(ServletTestExecutionListener.java:190) ~[spring-test-5.3.7.jar:5.3.7]
	at org.springframework.test.context.web.ServletTestExecutionListener.prepareTestInstance(ServletTestExecutionListener.java:132) ~[spring-test-5.3.7.jar:5.3.7]
	at org.springframework.test.context.TestContextManager.prepareTestInstance(TestContextManager.java:244) ~[spring-test-5.3.7.jar:5.3.7]
	at org.springframework.test.context.junit.jupiter.SpringExtension.postProcessTestInstance(SpringExtension.java:138) ~[spring-test-5.3.7.jar:5.3.7]
	at org.junit.jupiter.engine.descriptor.ClassBasedTestDescriptor.lambda$invokeTestInstancePostProcessors$6(ClassBasedTestDescriptor.java:350) ~[junit-jupiter-engine-5.7.2.jar:5.7.2]
	at org.junit.jupiter.engine.descriptor.ClassBasedTestDescriptor.executeAndMaskThrowable(ClassBasedTestDescriptor.java:355) ~[junit-jupiter-engine-5.7.2.jar:5.7.2]
	at org.junit.jupiter.engine.descriptor.ClassBasedTestDescriptor.lambda$invokeTestInstancePostProcessors$7(ClassBasedTestDescriptor.java:350) ~[junit-jupiter-engine-5.7.2.jar:5.7.2]
	at java.base/java.util.stream.ReferencePipeline$3$1.accept(ReferencePipeline.java:195) ~[na:na]
	at java.base/java.util.stream.ReferencePipeline$2$1.accept(ReferencePipeline.java:177) ~[na:na]
	at java.base/java.util.ArrayList$ArrayListSpliterator.forEachRemaining(ArrayList.java:1621) ~[na:na]
	at java.base/java.util.stream.AbstractPipeline.copyInto(AbstractPipeline.java:484) ~[na:na]
	at java.base/java.util.stream.AbstractPipeline.wrapAndCopyInto(AbstractPipeline.java:474) ~[na:na]
	at java.base/java.util.stream.StreamSpliterators$WrappingSpliterator.forEachRemaining(StreamSpliterators.java:312) ~[na:na]
	at java.base/java.util.stream.Streams$ConcatSpliterator.forEachRemaining(Streams.java:735) ~[na:na]
	at java.base/java.util.stream.Streams$ConcatSpliterator.forEachRemaining(Streams.java:734) ~[na:na]
	at java.base/java.util.stream.ReferencePipeline$Head.forEach(ReferencePipeline.java:658) ~[na:na]
	at org.junit.jupiter.engine.descriptor.ClassBasedTestDescriptor.invokeTestInstancePostProcessors(ClassBasedTestDescriptor.java:349) ~[junit-jupiter-engine-5.7.2.jar:5.7.2]
	at org.junit.jupiter.engine.descriptor.ClassBasedTestDescriptor.lambda$instantiateAndPostProcessTestInstance$4(ClassBasedTestDescriptor.java:270) ~[junit-jupiter-engine-5.7.2.jar:5.7.2]
	at org.junit.platform.engine.support.hierarchical.ThrowableCollector.execute(ThrowableCollector.java:73) ~[junit-platform-engine-1.7.2.jar:1.7.2]
	at org.junit.jupiter.engine.descriptor.ClassBasedTestDescriptor.instantiateAndPostProcessTestInstance(ClassBasedTestDescriptor.java:269) ~[junit-jupiter-engine-5.7.2.jar:5.7.2]
	at org.junit.jupiter.engine.descriptor.ClassBasedTestDescriptor.lambda$testInstancesProvider$2(ClassBasedTestDescriptor.java:259) ~[junit-jupiter-engine-5.7.2.jar:5.7.2]
	at java.base/java.util.Optional.orElseGet(Optional.java:362) ~[na:na]
	at org.junit.jupiter.engine.descriptor.ClassBasedTestDescriptor.lambda$testInstancesProvider$3(ClassBasedTestDescriptor.java:258) ~[junit-jupiter-engine-5.7.2.jar:5.7.2]
	at org.junit.jupiter.engine.execution.TestInstancesProvider.getTestInstances(TestInstancesProvider.java:31) ~[junit-jupiter-engine-5.7.2.jar:5.7.2]
	at org.junit.jupiter.engine.descriptor.TestMethodTestDescriptor.lambda$prepare$0(TestMethodTestDescriptor.java:101) ~[junit-jupiter-engine-5.7.2.jar:5.7.2]
	at org.junit.platform.engine.support.hierarchical.ThrowableCollector.execute(ThrowableCollector.java:73) ~[junit-platform-engine-1.7.2.jar:1.7.2]
	at org.junit.jupiter.engine.descriptor.TestMethodTestDescriptor.prepare(TestMethodTestDescriptor.java:100) ~[junit-jupiter-engine-5.7.2.jar:5.7.2]
	at org.junit.jupiter.engine.descriptor.TestMethodTestDescriptor.prepare(TestMethodTestDescriptor.java:65) ~[junit-jupiter-engine-5.7.2.jar:5.7.2]
	at org.junit.platform.engine.support.hierarchical.NodeTestTask.lambda$prepare$1(NodeTestTask.java:111) ~[junit-platform-engine-1.7.2.jar:1.7.2]
	at org.junit.platform.engine.support.hierarchical.ThrowableCollector.execute(ThrowableCollector.java:73) ~[junit-platform-engine-1.7.2.jar:1.7.2]
	at org.junit.platform.engine.support.hierarchical.NodeTestTask.prepare(NodeTestTask.java:111) ~[junit-platform-engine-1.7.2.jar:1.7.2]
	at org.junit.platform.engine.support.hierarchical.NodeTestTask.execute(NodeTestTask.java:79) ~[junit-platform-engine-1.7.2.jar:1.7.2]
	at java.base/java.util.ArrayList.forEach(ArrayList.java:1507) ~[na:na]
	at org.junit.platform.engine.support.hierarchical.SameThreadHierarchicalTestExecutorService.invokeAll(SameThreadHierarchicalTestExecutorService.java:38) ~[junit-platform-engine-1.7.2.jar:1.7.2]
	at org.junit.platform.engine.support.hierarchical.NodeTestTask.lambda$executeRecursively$5(NodeTestTask.java:143) ~[junit-platform-engine-1.7.2.jar:1.7.2]
	at org.junit.platform.engine.support.hierarchical.ThrowableCollector.execute(ThrowableCollector.java:73) ~[junit-platform-engine-1.7.2.jar:1.7.2]
	at org.junit.platform.engine.support.hierarchical.NodeTestTask.lambda$executeRecursively$7(NodeTestTask.java:129) ~[junit-platform-engine-1.7.2.jar:1.7.2]
	at org.junit.platform.engine.support.hierarchical.Node.around(Node.java:137) ~[junit-platform-engine-1.7.2.jar:1.7.2]
	at org.junit.platform.engine.support.hierarchical.NodeTestTask.lambda$executeRecursively$8(NodeTestTask.java:127) ~[junit-platform-engine-1.7.2.jar:1.7.2]
	at org.junit.platform.engine.support.hierarchical.ThrowableCollector.execute(ThrowableCollector.java:73) ~[junit-platform-engine-1.7.2.jar:1.7.2]
	at org.junit.platform.engine.support.hierarchical.NodeTestTask.executeRecursively(NodeTestTask.java:126) ~[junit-platform-engine-1.7.2.jar:1.7.2]
	at org.junit.platform.engine.support.hierarchical.NodeTestTask.execute(NodeTestTask.java:84) ~[junit-platform-engine-1.7.2.jar:1.7.2]
	at java.base/java.util.ArrayList.forEach(ArrayList.java:1507) ~[na:na]
	at org.junit.platform.engine.support.hierarchical.SameThreadHierarchicalTestExecutorService.invokeAll(SameThreadHierarchicalTestExecutorService.java:38) ~[junit-platform-engine-1.7.2.jar:1.7.2]
	at org.junit.platform.engine.support.hierarchical.NodeTestTask.lambda$executeRecursively$5(NodeTestTask.java:143) ~[junit-platform-engine-1.7.2.jar:1.7.2]
	at org.junit.platform.engine.support.hierarchical.ThrowableCollector.execute(ThrowableCollector.java:73) ~[junit-platform-engine-1.7.2.jar:1.7.2]
	at org.junit.platform.engine.support.hierarchical.NodeTestTask.lambda$executeRecursively$7(NodeTestTask.java:129) ~[junit-platform-engine-1.7.2.jar:1.7.2]
	at org.junit.platform.engine.support.hierarchical.Node.around(Node.java:137) ~[junit-platform-engine-1.7.2.jar:1.7.2]
	at org.junit.platform.engine.support.hierarchical.NodeTestTask.lambda$executeRecursively$8(NodeTestTask.java:127) ~[junit-platform-engine-1.7.2.jar:1.7.2]
	at org.junit.platform.engine.support.hierarchical.ThrowableCollector.execute(ThrowableCollector.java:73) ~[junit-platform-engine-1.7.2.jar:1.7.2]
	at org.junit.platform.engine.support.hierarchical.NodeTestTask.executeRecursively(NodeTestTask.java:126) ~[junit-platform-engine-1.7.2.jar:1.7.2]
	at org.junit.platform.engine.support.hierarchical.NodeTestTask.execute(NodeTestTask.java:84) ~[junit-platform-engine-1.7.2.jar:1.7.2]
	at org.junit.platform.engine.support.hierarchical.SameThreadHierarchicalTestExecutorService.submit(SameThreadHierarchicalTestExecutorService.java:32) ~[junit-platform-engine-1.7.2.jar:1.7.2]
	at org.junit.platform.engine.support.hierarchical.HierarchicalTestExecutor.execute(HierarchicalTestExecutor.java:57) ~[junit-platform-engine-1.7.2.jar:1.7.2]
	at org.junit.platform.engine.support.hierarchical.HierarchicalTestEngine.execute(HierarchicalTestEngine.java:51) ~[junit-platform-engine-1.7.2.jar:1.7.2]
	at org.junit.platform.launcher.core.DefaultLauncher.execute(DefaultLauncher.java:220) ~[junit-platform-launcher-1.3.1.jar:1.3.1]
	at org.junit.platform.launcher.core.DefaultLauncher.lambda$execute$6(DefaultLauncher.java:188) ~[junit-platform-launcher-1.3.1.jar:1.3.1]
	at org.junit.platform.launcher.core.DefaultLauncher.withInterceptedStreams(DefaultLauncher.java:202) ~[junit-platform-launcher-1.3.1.jar:1.3.1]
	at org.junit.platform.launcher.core.DefaultLauncher.execute(DefaultLauncher.java:181) ~[junit-platform-launcher-1.3.1.jar:1.3.1]
	at org.junit.platform.launcher.core.DefaultLauncher.execute(DefaultLauncher.java:128) ~[junit-platform-launcher-1.3.1.jar:1.3.1]
	at org.apache.maven.surefire.junitplatform.JUnitPlatformProvider.invokeAllTests(JUnitPlatformProvider.java:150) ~[surefire-junit-platform-2.22.2.jar:2.22.2]
	at org.apache.maven.surefire.junitplatform.JUnitPlatformProvider.invoke(JUnitPlatformProvider.java:124) ~[surefire-junit-platform-2.22.2.jar:2.22.2]
	at org.apache.maven.surefire.booter.ForkedBooter.invokeProviderInSameClassLoader(ForkedBooter.java:384) ~[surefire-booter-2.22.2.jar:2.22.2]
	at org.apache.maven.surefire.booter.ForkedBooter.runSuitesInProcess(ForkedBooter.java:345) ~[surefire-booter-2.22.2.jar:2.22.2]
	at org.apache.maven.surefire.booter.ForkedBooter.execute(ForkedBooter.java:126) ~[surefire-booter-2.22.2.jar:2.22.2]
	at org.apache.maven.surefire.booter.ForkedBooter.main(ForkedBooter.java:418) ~[surefire-booter-2.22.2.jar:2.22.2]
Caused by: org.springframework.beans.factory.BeanCreationException: Error creating bean with name 'reactiveStreamsMongoClient' defined in class path resource [org/springframework/boot/autoconfigure/mongo/MongoReactiveAutoConfiguration.class]: Bean instantiation via factory method failed; nested exception is org.springframework.beans.BeanInstantiationException: Failed to instantiate [com.mongodb.reactivestreams.client.MongoClient]: Factory method 'reactiveStreamsMongoClient' threw exception; nested exception is java.lang.NoSuchMethodError: 'void com.mongodb.internal.connection.DefaultClusterableServerFactory.<init>(com.mongodb.connection.ClusterId, com.mongodb.connection.ClusterSettings, com.mongodb.connection.ServerSettings, com.mongodb.connection.ConnectionPoolSettings, com.mongodb.connection.StreamFactory, com.mongodb.connection.StreamFactory, com.mongodb.MongoCredential, com.mongodb.event.CommandListener, java.lang.String, com.mongodb.MongoDriverInformation, java.util.List)'
	at org.springframework.beans.factory.support.ConstructorResolver.instantiate(ConstructorResolver.java:658) ~[spring-beans-5.3.7.jar:5.3.7]
	at org.springframework.beans.factory.support.ConstructorResolver.instantiateUsingFactoryMethod(ConstructorResolver.java:638) ~[spring-beans-5.3.7.jar:5.3.7]
	at org.springframework.beans.factory.support.AbstractAutowireCapableBeanFactory.instantiateUsingFactoryMethod(AbstractAutowireCapableBeanFactory.java:1334) ~[spring-beans-5.3.7.jar:5.3.7]
	at org.springframework.beans.factory.support.AbstractAutowireCapableBeanFactory.createBeanInstance(AbstractAutowireCapableBeanFactory.java:1177) ~[spring-beans-5.3.7.jar:5.3.7]
	at org.springframework.beans.factory.support.AbstractAutowireCapableBeanFactory.doCreateBean(AbstractAutowireCapableBeanFactory.java:564) ~[spring-beans-5.3.7.jar:5.3.7]
	at org.springframework.beans.factory.support.AbstractAutowireCapableBeanFactory.createBean(AbstractAutowireCapableBeanFactory.java:524) ~[spring-beans-5.3.7.jar:5.3.7]
	at org.springframework.beans.factory.support.AbstractBeanFactory.lambda$doGetBean$0(AbstractBeanFactory.java:335) ~[spring-beans-5.3.7.jar:5.3.7]
	at org.springframework.beans.factory.support.DefaultSingletonBeanRegistry.getSingleton(DefaultSingletonBeanRegistry.java:234) ~[spring-beans-5.3.7.jar:5.3.7]
	at org.springframework.beans.factory.support.AbstractBeanFactory.doGetBean(AbstractBeanFactory.java:333) ~[spring-beans-5.3.7.jar:5.3.7]
	at org.springframework.beans.factory.support.AbstractBeanFactory.getBean(AbstractBeanFactory.java:208) ~[spring-beans-5.3.7.jar:5.3.7]
	at org.springframework.beans.factory.support.DefaultListableBeanFactory.preInstantiateSingletons(DefaultListableBeanFactory.java:944) ~[spring-beans-5.3.7.jar:5.3.7]
	at org.springframework.context.support.AbstractApplicationContext.finishBeanFactoryInitialization(AbstractApplicationContext.java:918) ~[spring-context-5.3.7.jar:5.3.7]
	at org.springframework.context.support.AbstractApplicationContext.refresh(AbstractApplicationContext.java:583) ~[spring-context-5.3.7.jar:5.3.7]
	at org.springframework.boot.SpringApplication.refresh(SpringApplication.java:758) ~[spring-boot-2.5.0.jar:2.5.0]
	at org.springframework.boot.SpringApplication.refreshContext(SpringApplication.java:438) ~[spring-boot-2.5.0.jar:2.5.0]
	at org.springframework.boot.SpringApplication.run(SpringApplication.java:337) ~[spring-boot-2.5.0.jar:2.5.0]
	at org.springframework.boot.test.context.SpringBootContextLoader.loadContext(SpringBootContextLoader.java:123) ~[spring-boot-test-2.5.0.jar:2.5.0]
	at org.springframework.test.context.cache.DefaultCacheAwareContextLoaderDelegate.loadContextInternal(DefaultCacheAwareContextLoaderDelegate.java:99) ~[spring-test-5.3.7.jar:5.3.7]
	at org.springframework.test.context.cache.DefaultCacheAwareContextLoaderDelegate.loadContext(DefaultCacheAwareContextLoaderDelegate.java:124) ~[spring-test-5.3.7.jar:5.3.7]
	... 67 common frames omitted
Caused by: org.springframework.beans.BeanInstantiationException: Failed to instantiate [com.mongodb.reactivestreams.client.MongoClient]: Factory method 'reactiveStreamsMongoClient' threw exception; nested exception is java.lang.NoSuchMethodError: 'void com.mongodb.internal.connection.DefaultClusterableServerFactory.<init>(com.mongodb.connection.ClusterId, com.mongodb.connection.ClusterSettings, com.mongodb.connection.ServerSettings, com.mongodb.connection.ConnectionPoolSettings, com.mongodb.connection.StreamFactory, com.mongodb.connection.StreamFactory, com.mongodb.MongoCredential, com.mongodb.event.CommandListener, java.lang.String, com.mongodb.MongoDriverInformation, java.util.List)'
	at org.springframework.beans.factory.support.SimpleInstantiationStrategy.instantiate(SimpleInstantiationStrategy.java:185) ~[spring-beans-5.3.7.jar:5.3.7]
	at org.springframework.beans.factory.support.ConstructorResolver.instantiate(ConstructorResolver.java:653) ~[spring-beans-5.3.7.jar:5.3.7]
	... 85 common frames omitted
Caused by: java.lang.NoSuchMethodError: 'void com.mongodb.internal.connection.DefaultClusterableServerFactory.<init>(com.mongodb.connection.ClusterId, com.mongodb.connection.ClusterSettings, com.mongodb.connection.ServerSettings, com.mongodb.connection.ConnectionPoolSettings, com.mongodb.connection.StreamFactory, com.mongodb.connection.StreamFactory, com.mongodb.MongoCredential, com.mongodb.event.CommandListener, java.lang.String, com.mongodb.MongoDriverInformation, java.util.List)'
	at com.mongodb.internal.connection.DefaultClusterFactory.createCluster(DefaultClusterFactory.java:85) ~[mongodb-driver-core-4.2.3.jar:na]
	at com.mongodb.reactivestreams.client.MongoClients.createCluster(MongoClients.java:144) ~[mongodb-driver-reactivestreams-4.2.3.jar:na]
	at com.mongodb.reactivestreams.client.MongoClients.createMongoClient(MongoClients.java:136) ~[mongodb-driver-reactivestreams-4.2.3.jar:na]
	at com.mongodb.reactivestreams.client.MongoClients.createWithAsynchronousSocketChannel(MongoClients.java:170) ~[mongodb-driver-reactivestreams-4.2.3.jar:na]
	at com.mongodb.reactivestreams.client.MongoClients.create(MongoClients.java:114) ~[mongodb-driver-reactivestreams-4.2.3.jar:na]
	at org.springframework.boot.autoconfigure.mongo.MongoClientFactorySupport.createMongoClient(MongoClientFactorySupport.java:50) ~[spring-boot-autoconfigure-2.5.0.jar:2.5.0]
	at org.springframework.boot.autoconfigure.mongo.MongoReactiveAutoConfiguration.reactiveStreamsMongoClient(MongoReactiveAutoConfiguration.java:61) ~[spring-boot-autoconfigure-2.5.0.jar:2.5.0]
	at java.base/jdk.internal.reflect.NativeMethodAccessorImpl.invoke0(Native Method) ~[na:na]
	at java.base/jdk.internal.reflect.NativeMethodAccessorImpl.invoke(NativeMethodAccessorImpl.java:62) ~[na:na]
	at java.base/jdk.internal.reflect.DelegatingMethodAccessorImpl.invoke(DelegatingMethodAccessorImpl.java:43) ~[na:na]
	at java.base/java.lang.reflect.Method.invoke(Method.java:567) ~[na:na]
	at org.springframework.beans.factory.support.SimpleInstantiationStrategy.instantiate(SimpleInstantiationStrategy.java:154) ~[spring-beans-5.3.7.jar:5.3.7]
	... 86 common frames omitted

]]></system-out>
  </testcase>
</testsuite>